Arguments: 
  /usr/local/bin/node /usr/local/bin/yarn start

PATH: 
  LOCAL_PATH:/Users/SDJ/.composer/vendor/bin:/Users/SDJ/.rvm/gems/ruby-2.2.0/bin:/Users/SDJ/.rvm/gems/ruby-2.2.0@global/bin:/Users/SDJ/.rvm/rubies/ruby-2.2.0/bin:/usr/local/bin:/usr/local/sbin:~/bin:/usr/local/bin:/usr/bin:/bin:/usr/sbin:/sbin:/opt/X11/bin:/usr/local/CrossPack-AVR/bin:/usr/local/git/bin:/usr/texbin:/Users/SDJ/.rvm/bin

Yarn version: 
  1.5.1

Node version: 
  9.3.0

Platform: 
  darwin x64

npm manifest: 
  {
    "name": "place-i-know-backend",
    "version": "0.1.0",
    "description": "",
    "main": "app.js",
    "scripts": {
      "test": "NODE_ENV=test jest --watch --runInBand",
      "dev": "nodemon ./app.js"
    },
    "repository": {
      "type": "git",
      "url": "git+https://github.com/shaunjacobsen/place_i_know_backend_v2.git"
    },
    "author": "Shaun Jacobsen",
    "license": "UNLICENSED",
    "bugs": {
      "url": "https://github.com/shaunjacobsen/place_i_know_backend_v2/issues"
    },
    "homepage": "https://github.com/shaunjacobsen/place_i_know_backend_v2#readme",
    "dependencies": {
      "axios": "^0.18.0",
      "bcrypt": "^1.0.3",
      "body-parser": "^1.18.2",
      "express": "^4.16.3",
      "jsonwebtoken": "^8.2.0",
      "pg": "^7.4.1",
      "sequelize": "^4.37.5"
    },
    "devDependencies": {
      "expect": "^22.4.3",
      "nodemon": "^1.17.3",
      "supertest": "^3.0.0"
    }
  }

yarn manifest: 
  No manifest

Lockfile: 
  No lockfile

Trace: 
  Error: Command "start" not found.
      at new MessageError (/usr/local/lib/node_modules/yarn/lib/cli.js:186:110)
      at /usr/local/lib/node_modules/yarn/lib/cli.js:87307:17
      at Generator.next (<anonymous>)
      at step (/usr/local/lib/node_modules/yarn/lib/cli.js:98:30)
      at /usr/local/lib/node_modules/yarn/lib/cli.js:116:14
      at new Promise (<anonymous>)
      at new F (/usr/local/lib/node_modules/yarn/lib/cli.js:23451:28)
      at /usr/local/lib/node_modules/yarn/lib/cli.js:95:12
      at runCommand (/usr/local/lib/node_modules/yarn/lib/cli.js:87312:22)
      at Object.<anonymous> (/usr/local/lib/node_modules/yarn/lib/cli.js:87412:14)
